In file included from [01m[K/home/sd-robot/hql_test/hit_Qt/src/hit_Qt/src/cameraWidget.cpp:1[m[K:
[01m[K/home/sd-robot/hql_test/hit_Qt/src/hit_Qt/src/cameraWidget.h:46:23:[m[K [01;31m[Kerror: [m[Kâ€˜[01m[Kstd_msgs[m[Kâ€™ was not declared in this scope
   46 |     rclcpp::Publisher<[01;31m[Kstd_msgs[m[K::msg::String>::SharedPtr json_publisher_;
      |                       [01;31m[K^~~~~~~~[m[K
[01m[K/home/sd-robot/hql_test/hit_Qt/src/hit_Qt/src/cameraWidget.h:46:44:[m[K [01;31m[Kerror: [m[Ktemplate argument 1 is invalid
   46 |     rclcpp::Publisher<std_msgs::msg::String[01;31m[K>[m[K::SharedPtr json_publisher_;
      |                                            [01;31m[K^[m[K
[01m[K/home/sd-robot/hql_test/hit_Qt/src/hit_Qt/src/cameraWidget.h:46:47:[m[K [01;31m[Kerror: [m[Kexpected â€˜[01m[K;[m[Kâ€™ at end of member declaration
   46 |     rclcpp::Publisher<std_msgs::msg::String>::[01;31m[KSharedPtr[m[K json_publisher_;
      |                                               [01;31m[K^~~~~~~~~[m[K
      |                                                        [32m[K;[m[K
[01m[K/home/sd-robot/hql_test/hit_Qt/src/hit_Qt/src/cameraWidget.h:46:57:[m[K [01;31m[Kerror: [m[Kâ€˜[01m[Kjson_publisher_[m[Kâ€™ does not name a type; did you mean â€˜[01m[Krmw_publisher_t[m[Kâ€™?
   46 |     rclcpp::Publisher<std_msgs::msg::String>::SharedPtr [01;31m[Kjson_publisher_[m[K;
      |                                                         [01;31m[K^~~~~~~~~~~~~~~[m[K
      |                                                         [32m[Krmw_publisher_t[m[K
[01m[K/home/sd-robot/hql_test/hit_Qt/src/hit_Qt/src/cameraWidget.cpp:[m[K In member function â€˜[01m[Kvoid cameraWidget::initRosPublish()[m[Kâ€™:
[01m[K/home/sd-robot/hql_test/hit_Qt/src/hit_Qt/src/cameraWidget.cpp:110:5:[m[K [01;31m[Kerror: [m[Kâ€˜[01m[Kjson_publisher_[m[Kâ€™ was not declared in this scope; did you mean â€˜[01m[Krmw_publisher_t[m[Kâ€™?
  110 |     [01;31m[Kjson_publisher_[m[K = ros_node_->create_publisher<std_msgs::msg::String>("json_topic", 10);
      |     [01;31m[K^~~~~~~~~~~~~~~[m[K
      |     [32m[Krmw_publisher_t[m[K
[01m[K/home/sd-robot/hql_test/hit_Qt/src/hit_Qt/src/cameraWidget.cpp:110:51:[m[K [01;31m[Kerror: [m[Kâ€˜[01m[Kstd_msgs[m[Kâ€™ was not declared in this scope
  110 |     json_publisher_ = ros_node_->create_publisher<[01;31m[Kstd_msgs[m[K::msg::String>("json_topic", 10);
      |                                                   [01;31m[K^~~~~~~~[m[K
[01m[K/home/sd-robot/hql_test/hit_Qt/src/hit_Qt/src/cameraWidget.cpp:110:34:[m[K [01;31m[Kerror: [m[Kparse error in template argument list
  110 |     json_publisher_ = ros_node_->[01;31m[Kcreate_publisher<std_msgs::msg::String>[m[K("json_topic", 10);
      |                                  [01;31m[K^~~~~~~~~~~~~~~~~~~~~~~~~~~~~~~~~~~~~~~[m[K
[01m[K/home/sd-robot/hql_test/hit_Qt/src/hit_Qt/src/cameraWidget.cpp:110:73:[m[K [01;31m[Kerror: [m[Kno matching function for call to â€˜[01m[Krclcpp::Node::create_publisher<<expression error> >(const char [11], int)[m[Kâ€™
  110 |     json_publisher_ = [01;31m[Kros_node_->create_publisher<std_msgs::msg::String>("json_topic", 10)[m[K;
      |                       [01;31m[K~~~~~~~~~~~~~~~~~~~~~~~~~~~~~~~~~~~~~~~~~~~~~~~~~~^~~~~~~~~~~~~~~~~~[m[K
In file included from [01m[K/opt/ros/humble/include/rclcpp/rclcpp/executors/single_threaded_executor.hpp:28[m[K,
                 from [01m[K/opt/ros/humble/include/rclcpp/rclcpp/executors.hpp:22[m[K,
                 from [01m[K/opt/ros/humble/include/rclcpp/rclcpp/rclcpp.hpp:155[m[K,
                 from [01m[K/home/sd-robot/hql_test/hit_Qt/src/hit_Qt/src/cameraWidget.h:15[m[K,
                 from [01m[K/home/sd-robot/hql_test/hit_Qt/src/hit_Qt/src/cameraWidget.cpp:1[m[K:
[01m[K/opt/ros/humble/include/rclcpp/rclcpp/node.hpp:195:3:[m[K [01;36m[Knote: [m[Kcandidate: â€˜[01m[Ktemplate<class MessageT, class AllocatorT, class PublisherT> std::shared_ptr<PublisherT> rclcpp::Node::create_publisher(const string&, const rclcpp::QoS&, const rclcpp::PublisherOptionsWithAllocator<AllocatorT>&)[m[Kâ€™
  195 |   [01;36m[Kcreate_publisher[m[K(
      |   [01;36m[K^~~~~~~~~~~~~~~~[m[K
[01m[K/opt/ros/humble/include/rclcpp/rclcpp/node.hpp:195:3:[m[K [01;36m[Knote: [m[K  template argument deduction/substitution failed:
[01m[K/home/sd-robot/hql_test/hit_Qt/src/hit_Qt/src/cameraWidget.cpp:110:73:[m[K [01;31m[Kerror: [m[Ktemplate argument 1 is invalid
  110 |     json_publisher_ = [01;31m[Kros_node_->create_publisher<std_msgs::msg::String>("json_topic", 10)[m[K;
      |                       [01;31m[K~~~~~~~~~~~~~~~~~~~~~~~~~~~~~~~~~~~~~~~~~~~~~~~~~~^~~~~~~~~~~~~~~~~~[m[K
[01m[K/home/sd-robot/hql_test/hit_Qt/src/hit_Qt/src/cameraWidget.cpp:[m[K In member function â€˜[01m[Kvoid cameraWidget::saveConfiguration()[m[Kâ€™:
[01m[K/home/sd-robot/hql_test/hit_Qt/src/hit_Qt/src/cameraWidget.cpp:214:20:[m[K [01;31m[Kerror: [m[Kâ€˜[01m[Kstd_msgs[m[Kâ€™ has not been declared
  214 |     auto message = [01;31m[Kstd_msgs[m[K::msg::String();
      |                    [01;31m[K^~~~~~~~[m[K
[01m[K/home/sd-robot/hql_test/hit_Qt/src/hit_Qt/src/cameraWidget.cpp:216:5:[m[K [01;31m[Kerror: [m[Kâ€˜[01m[Kjson_publisher_[m[Kâ€™ was not declared in this scope; did you mean â€˜[01m[Krmw_publisher_t[m[Kâ€™?
  216 |     [01;31m[Kjson_publisher_[m[K->publish(message);
      |     [01;31m[K^~~~~~~~~~~~~~~[m[K
      |     [32m[Krmw_publisher_t[m[K
gmake[2]: *** [CMakeFiles/hit_menu.dir/build.make:97: CMakeFiles/hit_menu.dir/src/cameraWidget.cpp.o] Error 1
gmake[2]: *** Waiting for unfinished jobs....
In file included from [01m[K/home/sd-robot/hql_test/hit_Qt/src/hit_Qt/src/mainWidget.h:4[m[K,
                 from [01m[K/home/sd-robot/hql_test/hit_Qt/src/hit_Qt/src/mainWidget.cpp:1[m[K:
[01m[K/home/sd-robot/hql_test/hit_Qt/src/hit_Qt/src/cameraWidget.h:46:23:[m[K [01;31m[Kerror: [m[Kâ€˜[01m[Kstd_msgs[m[Kâ€™ was not declared in this scope
   46 |     rclcpp::Publisher<[01;31m[Kstd_msgs[m[K::msg::String>::SharedPtr json_publisher_;
      |                       [01;31m[K^~~~~~~~[m[K
[01m[K/home/sd-robot/hql_test/hit_Qt/src/hit_Qt/src/cameraWidget.h:46:44:[m[K [01;31m[Kerror: [m[Ktemplate argument 1 is invalid
   46 |     rclcpp::Publisher<std_msgs::msg::String[01;31m[K>[m[K::SharedPtr json_publisher_;
      |                                            [01;31m[K^[m[K
[01m[K/home/sd-robot/hql_test/hit_Qt/src/hit_Qt/src/cameraWidget.h:46:47:[m[K [01;31m[Kerror: [m[Kexpected â€˜[01m[K;[m[Kâ€™ at end of member declaration
   46 |     rclcpp::Publisher<std_msgs::msg::String>::[01;31m[KSharedPtr[m[K json_publisher_;
      |                                               [01;31m[K^~~~~~~~~[m[K
      |                                                        [32m[K;[m[K
In file included from [01m[K/home/sd-robot/hql_test/hit_Qt/build/hit_menu/hit_menu_autogen/UVLADIE3JM/moc_cameraWidget.cpp:10[m[K,
                 from [01m[K/home/sd-robot/hql_test/hit_Qt/build/hit_menu/hit_menu_autogen/mocs_compilation.cpp:2[m[K:
[01m[K/home/sd-robot/hql_test/hit_Qt/build/hit_menu/hit_menu_autogen/UVLADIE3JM/../../../../src/hit_Qt/src/cameraWidget.h:46:23:[m[K [01;31m[Kerror: [m[Kâ€˜[01m[Kstd_msgs[m[Kâ€™ was not declared in this scope
   46 |     rclcpp::Publisher<[01;31m[Kstd_msgs[m[K::msg::String>::SharedPtr json_publisher_;
      |                       [01;31m[K^~~~~~~~[m[K
[01m[K/home/sd-robot/hql_test/hit_Qt/build/hit_menu/hit_menu_autogen/UVLADIE3JM/../../../../src/hit_Qt/src/cameraWidget.h:46:44:[m[K [01;31m[Kerror: [m[Ktemplate argument 1 is invalid
   46 |     rclcpp::Publisher<std_msgs::msg::String[01;31m[K>[m[K::SharedPtr json_publisher_;
      |                                            [01;31m[K^[m[K
[01m[K/home/sd-robot/hql_test/hit_Qt/build/hit_menu/hit_menu_autogen/UVLADIE3JM/../../../../src/hit_Qt/src/cameraWidget.h:46:47:[m[K [01;31m[Kerror: [m[Kexpected â€˜[01m[K;[m[Kâ€™ at end of member declaration
   46 |     rclcpp::Publisher<std_msgs::msg::String>::[01;31m[KSharedPtr[m[K json_publisher_;
      |                                               [01;31m[K^~~~~~~~~[m[K
      |                                                        [32m[K;[m[K
[01m[K/home/sd-robot/hql_test/hit_Qt/src/hit_Qt/src/cameraWidget.h:46:57:[m[K [01;31m[Kerror: [m[Kâ€˜[01m[Kjson_publisher_[m[Kâ€™ does not name a type; did you mean â€˜[01m[Krmw_publisher_t[m[Kâ€™?
   46 |     rclcpp::Publisher<std_msgs::msg::String>::SharedPtr [01;31m[Kjson_publisher_[m[K;
      |                                                         [01;31m[K^~~~~~~~~~~~~~~[m[K
      |                                                         [32m[Krmw_publisher_t[m[K
In file included from [01m[K/home/sd-robot/hql_test/hit_Qt/src/hit_Qt/src/mainWidget.h:4[m[K,
                 from [01m[K/home/sd-robot/hql_test/hit_Qt/src/hit_Qt/src/main.cpp:1[m[K:
[01m[K/home/sd-robot/hql_test/hit_Qt/src/hit_Qt/src/cameraWidget.h:46:23:[m[K [01;31m[Kerror: [m[Kâ€˜[01m[Kstd_msgs[m[Kâ€™ was not declared in this scope
   46 |     rclcpp::Publisher<[01;31m[Kstd_msgs[m[K::msg::String>::SharedPtr json_publisher_;
      |                       [01;31m[K^~~~~~~~[m[K
[01m[K/home/sd-robot/hql_test/hit_Qt/src/hit_Qt/src/cameraWidget.h:46:44:[m[K [01;31m[Kerror: [m[Ktemplate argument 1 is invalid
   46 |     rclcpp::Publisher<std_msgs::msg::String[01;31m[K>[m[K::SharedPtr json_publisher_;
      |                                            [01;31m[K^[m[K
[01m[K/home/sd-robot/hql_test/hit_Qt/build/hit_menu/hit_menu_autogen/UVLADIE3JM/../../../../src/hit_Qt/src/cameraWidget.h:46:57:[m[K [01;31m[Kerror: [m[Kâ€˜[01m[Kjson_publisher_[m[Kâ€™ does not name a type; did you mean â€˜[01m[Krmw_publisher_t[m[Kâ€™?
   46 |     rclcpp::Publisher<std_msgs::msg::String>::SharedPtr [01;31m[Kjson_publisher_[m[K;
      |                                                         [01;31m[K^~~~~~~~~~~~~~~[m[K
      |                                                         [32m[Krmw_publisher_t[m[K
[01m[K/home/sd-robot/hql_test/hit_Qt/src/hit_Qt/src/cameraWidget.h:46:47:[m[K [01;31m[Kerror: [m[Kexpected â€˜[01m[K;[m[Kâ€™ at end of member declaration
   46 |     rclcpp::Publisher<std_msgs::msg::String>::[01;31m[KSharedPtr[m[K json_publisher_;
      |                                               [01;31m[K^~~~~~~~~[m[K
      |                                                        [32m[K;[m[K
[01m[K/home/sd-robot/hql_test/hit_Qt/src/hit_Qt/src/cameraWidget.h:46:57:[m[K [01;31m[Kerror: [m[Kâ€˜[01m[Kjson_publisher_[m[Kâ€™ does not name a type; did you mean â€˜[01m[Krmw_publisher_t[m[Kâ€™?
   46 |     rclcpp::Publisher<std_msgs::msg::String>::SharedPtr [01;31m[Kjson_publisher_[m[K;
      |                                                         [01;31m[K^~~~~~~~~~~~~~~[m[K
      |                                                         [32m[Krmw_publisher_t[m[K
gmake[2]: *** [CMakeFiles/hit_menu.dir/build.make:139: CMakeFiles/hit_menu.dir/src/mainWidget.cpp.o] Error 1
gmake[2]: *** [CMakeFiles/hit_menu.dir/build.make:83: CMakeFiles/hit_menu.dir/hit_menu_autogen/mocs_compilation.cpp.o] Error 1
gmake[2]: *** [CMakeFiles/hit_menu.dir/build.make:125: CMakeFiles/hit_menu.dir/src/main.cpp.o] Error 1
gmake[1]: *** [CMakeFiles/Makefile2:138: CMakeFiles/hit_menu.dir/all] Error 2
gmake: *** [Makefile:146: all] Error 2
