[0.005s] Invoking command in '/home/sd-robot/hql_test/hit_Qt/build/hit_menu': CMAKE_PREFIX_PATH=${CMAKE_PREFIX_PATH}:/opt/ros/humble /usr/bin/cmake --build /home/sd-robot/hql_test/hit_Qt/build/hit_menu -- -j24 -l24
[0.029s] [  7%] [34m[1mAutomatic MOC for target hit_menu[0m
[2.825s] [  7%] Built target hit_menu_autogen
[2.833s] [35m[1mConsolidate compiler generated dependencies of target hit_menu[0m
[2.853s] [ 23%] [32mBuilding CXX object CMakeFiles/hit_menu.dir/src/cameraWidget.cpp.o[0m
[2.854s] [ 23%] [32mBuilding CXX object CMakeFiles/hit_menu.dir/hit_menu_autogen/mocs_compilation.cpp.o[0m
[2.856s] [ 30%] [32mBuilding CXX object CMakeFiles/hit_menu.dir/src/main.cpp.o[0m
[2.856s] [ 38%] [32mBuilding CXX object CMakeFiles/hit_menu.dir/src/mainWidget.cpp.o[0m
[4.771s] In file included from [01m[K/home/sd-robot/hql_test/hit_Qt/src/hit_Qt/src/cameraWidget.cpp:1[m[K:
[4.771s] [01m[K/home/sd-robot/hql_test/hit_Qt/src/hit_Qt/src/cameraWidget.h:46:23:[m[K [01;31m[Kerror: [m[Kâ€˜[01m[Kstd_msgs[m[Kâ€™ was not declared in this scope
[4.771s]    46 |     rclcpp::Publisher<[01;31m[Kstd_msgs[m[K::msg::String>::SharedPtr json_publisher_;
[4.771s]       |                       [01;31m[K^~~~~~~~[m[K
[4.771s] [01m[K/home/sd-robot/hql_test/hit_Qt/src/hit_Qt/src/cameraWidget.h:46:44:[m[K [01;31m[Kerror: [m[Ktemplate argument 1 is invalid
[4.771s]    46 |     rclcpp::Publisher<std_msgs::msg::String[01;31m[K>[m[K::SharedPtr json_publisher_;
[4.771s]       |                                            [01;31m[K^[m[K
[4.771s] [01m[K/home/sd-robot/hql_test/hit_Qt/src/hit_Qt/src/cameraWidget.h:46:47:[m[K [01;31m[Kerror: [m[Kexpected â€˜[01m[K;[m[Kâ€™ at end of member declaration
[4.771s]    46 |     rclcpp::Publisher<std_msgs::msg::String>::[01;31m[KSharedPtr[m[K json_publisher_;
[4.771s]       |                                               [01;31m[K^~~~~~~~~[m[K
[4.771s]       |                                                        [32m[K;[m[K
[4.773s] [01m[K/home/sd-robot/hql_test/hit_Qt/src/hit_Qt/src/cameraWidget.h:46:57:[m[K [01;31m[Kerror: [m[Kâ€˜[01m[Kjson_publisher_[m[Kâ€™ does not name a type; did you mean â€˜[01m[Krmw_publisher_t[m[Kâ€™?
[4.773s]    46 |     rclcpp::Publisher<std_msgs::msg::String>::SharedPtr [01;31m[Kjson_publisher_[m[K;
[4.773s]       |                                                         [01;31m[K^~~~~~~~~~~~~~~[m[K
[4.773s]       |                                                         [32m[Krmw_publisher_t[m[K
[4.828s] [01m[K/home/sd-robot/hql_test/hit_Qt/src/hit_Qt/src/cameraWidget.cpp:[m[K In member function â€˜[01m[Kvoid cameraWidget::initRosPublish()[m[Kâ€™:
[4.828s] [01m[K/home/sd-robot/hql_test/hit_Qt/src/hit_Qt/src/cameraWidget.cpp:110:5:[m[K [01;31m[Kerror: [m[Kâ€˜[01m[Kjson_publisher_[m[Kâ€™ was not declared in this scope; did you mean â€˜[01m[Krmw_publisher_t[m[Kâ€™?
[4.828s]   110 |     [01;31m[Kjson_publisher_[m[K = ros_node_->create_publisher<std_msgs::msg::String>("json_topic", 10);
[4.828s]       |     [01;31m[K^~~~~~~~~~~~~~~[m[K
[4.828s]       |     [32m[Krmw_publisher_t[m[K
[4.832s] [01m[K/home/sd-robot/hql_test/hit_Qt/src/hit_Qt/src/cameraWidget.cpp:110:51:[m[K [01;31m[Kerror: [m[Kâ€˜[01m[Kstd_msgs[m[Kâ€™ was not declared in this scope
[4.832s]   110 |     json_publisher_ = ros_node_->create_publisher<[01;31m[Kstd_msgs[m[K::msg::String>("json_topic", 10);
[4.832s]       |                                                   [01;31m[K^~~~~~~~[m[K
[4.832s] [01m[K/home/sd-robot/hql_test/hit_Qt/src/hit_Qt/src/cameraWidget.cpp:110:34:[m[K [01;31m[Kerror: [m[Kparse error in template argument list
[4.832s]   110 |     json_publisher_ = ros_node_->[01;31m[Kcreate_publisher<std_msgs::msg::String>[m[K("json_topic", 10);
[4.832s]       |                                  [01;31m[K^~~~~~~~~~~~~~~~~~~~~~~~~~~~~~~~~~~~~~~[m[K
[4.833s] [01m[K/home/sd-robot/hql_test/hit_Qt/src/hit_Qt/src/cameraWidget.cpp:110:73:[m[K [01;31m[Kerror: [m[Kno matching function for call to â€˜[01m[Krclcpp::Node::create_publisher<<expression error> >(const char [11], int)[m[Kâ€™
[4.833s]   110 |     json_publisher_ = [01;31m[Kros_node_->create_publisher<std_msgs::msg::String>("json_topic", 10)[m[K;
[4.833s]       |                       [01;31m[K~~~~~~~~~~~~~~~~~~~~~~~~~~~~~~~~~~~~~~~~~~~~~~~~~~^~~~~~~~~~~~~~~~~~[m[K
[4.833s] In file included from [01m[K/opt/ros/humble/include/rclcpp/rclcpp/executors/single_threaded_executor.hpp:28[m[K,
[4.833s]                  from [01m[K/opt/ros/humble/include/rclcpp/rclcpp/executors.hpp:22[m[K,
[4.833s]                  from [01m[K/opt/ros/humble/include/rclcpp/rclcpp/rclcpp.hpp:155[m[K,
[4.833s]                  from [01m[K/home/sd-robot/hql_test/hit_Qt/src/hit_Qt/src/cameraWidget.h:15[m[K,
[4.833s]                  from [01m[K/home/sd-robot/hql_test/hit_Qt/src/hit_Qt/src/cameraWidget.cpp:1[m[K:
[4.833s] [01m[K/opt/ros/humble/include/rclcpp/rclcpp/node.hpp:195:3:[m[K [01;36m[Knote: [m[Kcandidate: â€˜[01m[Ktemplate<class MessageT, class AllocatorT, class PublisherT> std::shared_ptr<PublisherT> rclcpp::Node::create_publisher(const string&, const rclcpp::QoS&, const rclcpp::PublisherOptionsWithAllocator<AllocatorT>&)[m[Kâ€™
[4.833s]   195 |   [01;36m[Kcreate_publisher[m[K(
[4.833s]       |   [01;36m[K^~~~~~~~~~~~~~~~[m[K
[4.833s] [01m[K/opt/ros/humble/include/rclcpp/rclcpp/node.hpp:195:3:[m[K [01;36m[Knote: [m[K  template argument deduction/substitution failed:
[4.833s] [01m[K/home/sd-robot/hql_test/hit_Qt/src/hit_Qt/src/cameraWidget.cpp:110:73:[m[K [01;31m[Kerror: [m[Ktemplate argument 1 is invalid
[4.833s]   110 |     json_publisher_ = [01;31m[Kros_node_->create_publisher<std_msgs::msg::String>("json_topic", 10)[m[K;
[4.833s]       |                       [01;31m[K~~~~~~~~~~~~~~~~~~~~~~~~~~~~~~~~~~~~~~~~~~~~~~~~~~^~~~~~~~~~~~~~~~~~[m[K
[4.840s] [01m[K/home/sd-robot/hql_test/hit_Qt/src/hit_Qt/src/cameraWidget.cpp:[m[K In member function â€˜[01m[Kvoid cameraWidget::saveConfiguration()[m[Kâ€™:
[4.840s] [01m[K/home/sd-robot/hql_test/hit_Qt/src/hit_Qt/src/cameraWidget.cpp:214:20:[m[K [01;31m[Kerror: [m[Kâ€˜[01m[Kstd_msgs[m[Kâ€™ has not been declared
[4.840s]   214 |     auto message = [01;31m[Kstd_msgs[m[K::msg::String();
[4.840s]       |                    [01;31m[K^~~~~~~~[m[K
[4.846s] [01m[K/home/sd-robot/hql_test/hit_Qt/src/hit_Qt/src/cameraWidget.cpp:216:5:[m[K [01;31m[Kerror: [m[Kâ€˜[01m[Kjson_publisher_[m[Kâ€™ was not declared in this scope; did you mean â€˜[01m[Krmw_publisher_t[m[Kâ€™?
[4.846s]   216 |     [01;31m[Kjson_publisher_[m[K->publish(message);
[4.846s]       |     [01;31m[K^~~~~~~~~~~~~~~[m[K
[4.846s]       |     [32m[Krmw_publisher_t[m[K
[5.208s] gmake[2]: *** [CMakeFiles/hit_menu.dir/build.make:97: CMakeFiles/hit_menu.dir/src/cameraWidget.cpp.o] Error 1
[5.208s] gmake[2]: *** Waiting for unfinished jobs....
[6.158s] In file included from [01m[K/home/sd-robot/hql_test/hit_Qt/src/hit_Qt/src/mainWidget.h:4[m[K,
[6.158s]                  from [01m[K/home/sd-robot/hql_test/hit_Qt/src/hit_Qt/src/mainWidget.cpp:1[m[K:
[6.158s] [01m[K/home/sd-robot/hql_test/hit_Qt/src/hit_Qt/src/cameraWidget.h:46:23:[m[K [01;31m[Kerror: [m[Kâ€˜[01m[Kstd_msgs[m[Kâ€™ was not declared in this scope
[6.158s]    46 |     rclcpp::Publisher<[01;31m[Kstd_msgs[m[K::msg::String>::SharedPtr json_publisher_;
[6.158s]       |                       [01;31m[K^~~~~~~~[m[K
[6.158s] [01m[K/home/sd-robot/hql_test/hit_Qt/src/hit_Qt/src/cameraWidget.h:46:44:[m[K [01;31m[Kerror: [m[Ktemplate argument 1 is invalid
[6.158s]    46 |     rclcpp::Publisher<std_msgs::msg::String[01;31m[K>[m[K::SharedPtr json_publisher_;
[6.158s]       |                                            [01;31m[K^[m[K
[6.158s] [01m[K/home/sd-robot/hql_test/hit_Qt/src/hit_Qt/src/cameraWidget.h:46:47:[m[K [01;31m[Kerror: [m[Kexpected â€˜[01m[K;[m[Kâ€™ at end of member declaration
[6.158s]    46 |     rclcpp::Publisher<std_msgs::msg::String>::[01;31m[KSharedPtr[m[K json_publisher_;
[6.158s]       |                                               [01;31m[K^~~~~~~~~[m[K
[6.158s]       |                                                        [32m[K;[m[K
[6.160s] In file included from [01m[K/home/sd-robot/hql_test/hit_Qt/build/hit_menu/hit_menu_autogen/UVLADIE3JM/moc_cameraWidget.cpp:10[m[K,
[6.160s]                  from [01m[K/home/sd-robot/hql_test/hit_Qt/build/hit_menu/hit_menu_autogen/mocs_compilation.cpp:2[m[K:
[6.160s] [01m[K/home/sd-robot/hql_test/hit_Qt/build/hit_menu/hit_menu_autogen/UVLADIE3JM/../../../../src/hit_Qt/src/cameraWidget.h:46:23:[m[K [01;31m[Kerror: [m[Kâ€˜[01m[Kstd_msgs[m[Kâ€™ was not declared in this scope
[6.160s]    46 |     rclcpp::Publisher<[01;31m[Kstd_msgs[m[K::msg::String>::SharedPtr json_publisher_;
[6.160s]       |                       [01;31m[K^~~~~~~~[m[K
[6.160s] [01m[K/home/sd-robot/hql_test/hit_Qt/build/hit_menu/hit_menu_autogen/UVLADIE3JM/../../../../src/hit_Qt/src/cameraWidget.h:46:44:[m[K [01;31m[Kerror: [m[Ktemplate argument 1 is invalid
[6.160s]    46 |     rclcpp::Publisher<std_msgs::msg::String[01;31m[K>[m[K::SharedPtr json_publisher_;
[6.160s]       |                                            [01;31m[K^[m[K
[6.160s] [01m[K/home/sd-robot/hql_test/hit_Qt/build/hit_menu/hit_menu_autogen/UVLADIE3JM/../../../../src/hit_Qt/src/cameraWidget.h:46:47:[m[K [01;31m[Kerror: [m[Kexpected â€˜[01m[K;[m[Kâ€™ at end of member declaration
[6.160s]    46 |     rclcpp::Publisher<std_msgs::msg::String>::[01;31m[KSharedPtr[m[K json_publisher_;
[6.160s]       |                                               [01;31m[K^~~~~~~~~[m[K
[6.160s]       |                                                        [32m[K;[m[K
[6.165s] [01m[K/home/sd-robot/hql_test/hit_Qt/src/hit_Qt/src/cameraWidget.h:46:57:[m[K [01;31m[Kerror: [m[Kâ€˜[01m[Kjson_publisher_[m[Kâ€™ does not name a type; did you mean â€˜[01m[Krmw_publisher_t[m[Kâ€™?
[6.165s]    46 |     rclcpp::Publisher<std_msgs::msg::String>::SharedPtr [01;31m[Kjson_publisher_[m[K;
[6.165s]       |                                                         [01;31m[K^~~~~~~~~~~~~~~[m[K
[6.165s]       |                                                         [32m[Krmw_publisher_t[m[K
[6.167s] In file included from [01m[K/home/sd-robot/hql_test/hit_Qt/src/hit_Qt/src/mainWidget.h:4[m[K,
[6.167s]                  from [01m[K/home/sd-robot/hql_test/hit_Qt/src/hit_Qt/src/main.cpp:1[m[K:
[6.167s] [01m[K/home/sd-robot/hql_test/hit_Qt/src/hit_Qt/src/cameraWidget.h:46:23:[m[K [01;31m[Kerror: [m[Kâ€˜[01m[Kstd_msgs[m[Kâ€™ was not declared in this scope
[6.167s]    46 |     rclcpp::Publisher<[01;31m[Kstd_msgs[m[K::msg::String>::SharedPtr json_publisher_;
[6.167s]       |                       [01;31m[K^~~~~~~~[m[K
[6.167s] [01m[K/home/sd-robot/hql_test/hit_Qt/src/hit_Qt/src/cameraWidget.h:46:44:[m[K [01;31m[Kerror: [m[Ktemplate argument 1 is invalid
[6.167s]    46 |     rclcpp::Publisher<std_msgs::msg::String[01;31m[K>[m[K::SharedPtr json_publisher_;
[6.167s]       |                                            [01;31m[K^[m[K
[6.167s] [01m[K/home/sd-robot/hql_test/hit_Qt/build/hit_menu/hit_menu_autogen/UVLADIE3JM/../../../../src/hit_Qt/src/cameraWidget.h:46:57:[m[K [01;31m[Kerror: [m[Kâ€˜[01m[Kjson_publisher_[m[Kâ€™ does not name a type; did you mean â€˜[01m[Krmw_publisher_t[m[Kâ€™?
[6.167s]    46 |     rclcpp::Publisher<std_msgs::msg::String>::SharedPtr [01;31m[Kjson_publisher_[m[K;
[6.167s]       |                                                         [01;31m[K^~~~~~~~~~~~~~~[m[K
[6.167s]       |                                                         [32m[Krmw_publisher_t[m[K
[6.167s] [01m[K/home/sd-robot/hql_test/hit_Qt/src/hit_Qt/src/cameraWidget.h:46:47:[m[K [01;31m[Kerror: [m[Kexpected â€˜[01m[K;[m[Kâ€™ at end of member declaration
[6.167s]    46 |     rclcpp::Publisher<std_msgs::msg::String>::[01;31m[KSharedPtr[m[K json_publisher_;
[6.167s]       |                                               [01;31m[K^~~~~~~~~[m[K
[6.167s]       |                                                        [32m[K;[m[K
[6.175s] [01m[K/home/sd-robot/hql_test/hit_Qt/src/hit_Qt/src/cameraWidget.h:46:57:[m[K [01;31m[Kerror: [m[Kâ€˜[01m[Kjson_publisher_[m[Kâ€™ does not name a type; did you mean â€˜[01m[Krmw_publisher_t[m[Kâ€™?
[6.175s]    46 |     rclcpp::Publisher<std_msgs::msg::String>::SharedPtr [01;31m[Kjson_publisher_[m[K;
[6.175s]       |                                                         [01;31m[K^~~~~~~~~~~~~~~[m[K
[6.175s]       |                                                         [32m[Krmw_publisher_t[m[K
[9.439s] gmake[2]: *** [CMakeFiles/hit_menu.dir/build.make:139: CMakeFiles/hit_menu.dir/src/mainWidget.cpp.o] Error 1
[9.462s] gmake[2]: *** [CMakeFiles/hit_menu.dir/build.make:83: CMakeFiles/hit_menu.dir/hit_menu_autogen/mocs_compilation.cpp.o] Error 1
[9.464s] gmake[2]: *** [CMakeFiles/hit_menu.dir/build.make:125: CMakeFiles/hit_menu.dir/src/main.cpp.o] Error 1
[9.465s] gmake[1]: *** [CMakeFiles/Makefile2:138: CMakeFiles/hit_menu.dir/all] Error 2
[9.465s] gmake: *** [Makefile:146: all] Error 2
[9.466s] Invoked command in '/home/sd-robot/hql_test/hit_Qt/build/hit_menu' returned '2': CMAKE_PREFIX_PATH=${CMAKE_PREFIX_PATH}:/opt/ros/humble /usr/bin/cmake --build /home/sd-robot/hql_test/hit_Qt/build/hit_menu -- -j24 -l24
