[  7%] [34m[1mAutomatic MOC for target hit_menu[0m
[  7%] Built target hit_menu_autogen
[35m[1mConsolidate compiler generated dependencies of target hit_menu[0m
[ 14%] [32mBuilding CXX object CMakeFiles/hit_menu.dir/hit_menu_autogen/mocs_compilation.cpp.o[0m
[ 21%] [32mBuilding CXX object CMakeFiles/hit_menu.dir/src/cameraWidget.cpp.o[0m
[ 28%] [32mBuilding CXX object CMakeFiles/hit_menu.dir/src/main.cpp.o[0m
[ 35%] [32mBuilding CXX object CMakeFiles/hit_menu.dir/src/mainWidget.cpp.o[0m
[01m[K/home/sd-robot/hql_test/hit_Qt/src/hit_Qt/src/cameraWidget.cpp:[m[K In lambda function:
[01m[K/home/sd-robot/hql_test/hit_Qt/src/hit_Qt/src/cameraWidget.cpp:118:31:[m[K [01;31m[Kerror: [m[Kâ€˜[01m[Kros_node_[m[Kâ€™ was not declared in this scope; did you mean â€˜[01m[Krmw_node_t[m[Kâ€™?
  118 |             rclcpp::spin_some([01;31m[Kros_node_[m[K);
      |                               [01;31m[K^~~~~~~~~[m[K
      |                               [32m[Krmw_node_t[m[K
gmake[2]: *** [CMakeFiles/hit_menu.dir/build.make:97: CMakeFiles/hit_menu.dir/src/cameraWidget.cpp.o] Error 1
gmake[2]: *** Waiting for unfinished jobs....
gmake[1]: *** [CMakeFiles/Makefile2:138: CMakeFiles/hit_menu.dir/all] Error 2
gmake: *** [Makefile:146: all] Error 2
