[0.006s] Invoking command in '/home/sd-robot/hql_test/hit_Qt/build/hit_menu': CMAKE_PREFIX_PATH=${CMAKE_PREFIX_PATH}:/opt/ros/humble /usr/bin/cmake --build /home/sd-robot/hql_test/hit_Qt/build/hit_menu -- -j24 -l24
[0.029s] [  7%] [34m[1mAutomatic MOC for target hit_menu[0m
[2.920s] [  7%] Built target hit_menu_autogen
[2.938s] [35m[1mConsolidate compiler generated dependencies of target hit_menu[0m
[2.976s] [ 14%] [32mBuilding CXX object CMakeFiles/hit_menu.dir/hit_menu_autogen/mocs_compilation.cpp.o[0m
[2.976s] [ 21%] [32mBuilding CXX object CMakeFiles/hit_menu.dir/src/cameraWidget.cpp.o[0m
[2.977s] [ 28%] [32mBuilding CXX object CMakeFiles/hit_menu.dir/src/main.cpp.o[0m
[2.978s] [ 35%] [32mBuilding CXX object CMakeFiles/hit_menu.dir/src/mainWidget.cpp.o[0m
[5.083s] [01m[K/home/sd-robot/hql_test/hit_Qt/src/hit_Qt/src/cameraWidget.cpp:[m[K In lambda function:
[5.083s] [01m[K/home/sd-robot/hql_test/hit_Qt/src/hit_Qt/src/cameraWidget.cpp:118:31:[m[K [01;31m[Kerror: [m[Kâ€˜[01m[Kros_node_[m[Kâ€™ was not declared in this scope; did you mean â€˜[01m[Krmw_node_t[m[Kâ€™?
[5.083s]   118 |             rclcpp::spin_some([01;31m[Kros_node_[m[K);
[5.083s]       |                               [01;31m[K^~~~~~~~~[m[K
[5.083s]       |                               [32m[Krmw_node_t[m[K
[5.722s] gmake[2]: *** [CMakeFiles/hit_menu.dir/build.make:97: CMakeFiles/hit_menu.dir/src/cameraWidget.cpp.o] Error 1
[5.722s] gmake[2]: *** Waiting for unfinished jobs....
[10.305s] gmake[1]: *** [CMakeFiles/Makefile2:138: CMakeFiles/hit_menu.dir/all] Error 2
[10.305s] gmake: *** [Makefile:146: all] Error 2
[10.307s] Invoked command in '/home/sd-robot/hql_test/hit_Qt/build/hit_menu' returned '2': CMAKE_PREFIX_PATH=${CMAKE_PREFIX_PATH}:/opt/ros/humble /usr/bin/cmake --build /home/sd-robot/hql_test/hit_Qt/build/hit_menu -- -j24 -l24
