[0.005s] Invoking command in '/home/sd-robot/hql_test/hit_Qt/build/hit_menu': CMAKE_PREFIX_PATH=${CMAKE_PREFIX_PATH}:/opt/ros/humble /usr/bin/cmake --build /home/sd-robot/hql_test/hit_Qt/build/hit_menu -- -j24 -l24
[0.029s] [  7%] [34m[1mAutomatic MOC for target hit_menu[0m
[0.044s] [  7%] Built target hit_menu_autogen
[0.061s] [35m[1mConsolidate compiler generated dependencies of target hit_menu[0m
[0.100s] [ 14%] [32mBuilding CXX object CMakeFiles/hit_menu.dir/src/cameraWidget.cpp.o[0m
[1.703s] [01m[K/home/sd-robot/hql_test/hit_Qt/src/hit_Qt/src/cameraWidget.cpp:[m[K In lambda function:
[1.703s] [01m[K/home/sd-robot/hql_test/hit_Qt/src/hit_Qt/src/cameraWidget.cpp:118:31:[m[K [01;31m[Kerror: [m[Kâ€˜[01m[Knode[m[Kâ€™ is not captured
[1.703s]   118 |             rclcpp::spin_some([01;31m[Knode[m[K);
[1.703s]       |                               [01;31m[K^~~~[m[K
[1.703s] [01m[K/home/sd-robot/hql_test/hit_Qt/src/hit_Qt/src/cameraWidget.cpp:116:41:[m[K [01;36m[Knote: [m[Kthe lambda has no capture-default
[1.703s]   116 |     ros_spin_thread_ = std::thread([this[01;36m[K][m[K() {
[1.703s]       |                                         [01;36m[K^[m[K
[1.703s] [01m[K/home/sd-robot/hql_test/hit_Qt/src/hit_Qt/src/cameraWidget.cpp:110:10:[m[K [01;36m[Knote: [m[Kâ€˜[01m[Kstd::shared_ptr<rclcpp::Node> node[m[Kâ€™ declared here
[1.703s]   110 |     auto [01;36m[Knode[m[K = rclcpp::Node::make_shared("json_publisher_node");
[1.703s]       |          [01;36m[K^~~~[m[K
[2.205s] gmake[2]: *** [CMakeFiles/hit_menu.dir/build.make:97: CMakeFiles/hit_menu.dir/src/cameraWidget.cpp.o] Error 1
[2.205s] gmake[1]: *** [CMakeFiles/Makefile2:138: CMakeFiles/hit_menu.dir/all] Error 2
[2.205s] gmake: *** [Makefile:146: all] Error 2
[2.207s] Invoked command in '/home/sd-robot/hql_test/hit_Qt/build/hit_menu' returned '2': CMAKE_PREFIX_PATH=${CMAKE_PREFIX_PATH}:/opt/ros/humble /usr/bin/cmake --build /home/sd-robot/hql_test/hit_Qt/build/hit_menu -- -j24 -l24
