[01m[K/home/sd-robot/hql_test/hit_Qt/src/hit_Qt/src/cameraWidget.cpp:[m[K In member function â€˜[01m[Kvoid cameraWidget::initRosPublish()[m[Kâ€™:
[01m[K/home/sd-robot/hql_test/hit_Qt/src/hit_Qt/src/cameraWidget.cpp:113:18:[m[K [01;31m[Kerror: [m[Kâ€˜[01m[Knode[m[Kâ€™ was not declared in this scope
  113 |     std::thread([[01;31m[Knode[m[K]() {
      |                  [01;31m[K^~~~[m[K
[01m[K/home/sd-robot/hql_test/hit_Qt/src/hit_Qt/src/cameraWidget.cpp:[m[K In lambda function:
[01m[K/home/sd-robot/hql_test/hit_Qt/src/hit_Qt/src/cameraWidget.cpp:115:9:[m[K [01;31m[Kerror: [m[Kâ€˜[01m[Kthis[m[Kâ€™ was not captured for this lambda function
  115 |         [01;31m[Kjson_publisher_[m[K = node->create_publisher<std_msgs::msg::String>("json_topic", 10);
      |         [01;31m[K^~~~~~~~~~~~~~~[m[K
[01m[K/home/sd-robot/hql_test/hit_Qt/src/hit_Qt/src/cameraWidget.cpp:115:9:[m[K [01;31m[Kerror: [m[Kinvalid use of non-static data member â€˜[01m[KcameraWidget::json_publisher_[m[Kâ€™
In file included from [01m[K/home/sd-robot/hql_test/hit_Qt/src/hit_Qt/src/cameraWidget.cpp:1[m[K:
[01m[K/home/sd-robot/hql_test/hit_Qt/src/hit_Qt/src/cameraWidget.h:46:57:[m[K [01;36m[Knote: [m[Kdeclared here
   46 |     rclcpp::Publisher<std_msgs::msg::String>::SharedPtr [01;36m[Kjson_publisher_[m[K;
      |                                                         [01;36m[K^~~~~~~~~~~~~~~[m[K
gmake[2]: *** [CMakeFiles/hit_menu.dir/build.make:97: CMakeFiles/hit_menu.dir/src/cameraWidget.cpp.o] Error 1
gmake[1]: *** [CMakeFiles/Makefile2:138: CMakeFiles/hit_menu.dir/all] Error 2
gmake: *** [Makefile:146: all] Error 2
