[0.005s] Invoking command in '/home/sd-robot/hql_test/hit_Qt/build/hit_menu': CMAKE_PREFIX_PATH=${CMAKE_PREFIX_PATH}:/opt/ros/humble /usr/bin/cmake --build /home/sd-robot/hql_test/hit_Qt/build/hit_menu -- -j24 -l24
[0.035s] [  7%] [34m[1mAutomatic MOC for target hit_menu[0m
[0.055s] [  7%] Built target hit_menu_autogen
[0.074s] [35m[1mConsolidate compiler generated dependencies of target hit_menu[0m
[0.117s] [ 14%] [32mBuilding CXX object CMakeFiles/hit_menu.dir/src/cameraWidget.cpp.o[0m
[2.010s] [01m[K/home/sd-robot/hql_test/hit_Qt/src/hit_Qt/src/cameraWidget.cpp:[m[K In member function â€˜[01m[Kvoid cameraWidget::initRosPublish()[m[Kâ€™:
[2.010s] [01m[K/home/sd-robot/hql_test/hit_Qt/src/hit_Qt/src/cameraWidget.cpp:113:18:[m[K [01;31m[Kerror: [m[Kâ€˜[01m[Knode[m[Kâ€™ was not declared in this scope
[2.010s]   113 |     std::thread([[01;31m[Knode[m[K]() {
[2.010s]       |                  [01;31m[K^~~~[m[K
[2.010s] [01m[K/home/sd-robot/hql_test/hit_Qt/src/hit_Qt/src/cameraWidget.cpp:[m[K In lambda function:
[2.010s] [01m[K/home/sd-robot/hql_test/hit_Qt/src/hit_Qt/src/cameraWidget.cpp:115:9:[m[K [01;31m[Kerror: [m[Kâ€˜[01m[Kthis[m[Kâ€™ was not captured for this lambda function
[2.010s]   115 |         [01;31m[Kjson_publisher_[m[K = node->create_publisher<std_msgs::msg::String>("json_topic", 10);
[2.010s]       |         [01;31m[K^~~~~~~~~~~~~~~[m[K
[2.010s] [01m[K/home/sd-robot/hql_test/hit_Qt/src/hit_Qt/src/cameraWidget.cpp:115:9:[m[K [01;31m[Kerror: [m[Kinvalid use of non-static data member â€˜[01m[KcameraWidget::json_publisher_[m[Kâ€™
[2.010s] In file included from [01m[K/home/sd-robot/hql_test/hit_Qt/src/hit_Qt/src/cameraWidget.cpp:1[m[K:
[2.011s] [01m[K/home/sd-robot/hql_test/hit_Qt/src/hit_Qt/src/cameraWidget.h:46:57:[m[K [01;36m[Knote: [m[Kdeclared here
[2.011s]    46 |     rclcpp::Publisher<std_msgs::msg::String>::SharedPtr [01;36m[Kjson_publisher_[m[K;
[2.011s]       |                                                         [01;36m[K^~~~~~~~~~~~~~~[m[K
[2.608s] gmake[2]: *** [CMakeFiles/hit_menu.dir/build.make:97: CMakeFiles/hit_menu.dir/src/cameraWidget.cpp.o] Error 1
[2.608s] gmake[1]: *** [CMakeFiles/Makefile2:138: CMakeFiles/hit_menu.dir/all] Error 2
[2.608s] gmake: *** [Makefile:146: all] Error 2
[2.610s] Invoked command in '/home/sd-robot/hql_test/hit_Qt/build/hit_menu' returned '2': CMAKE_PREFIX_PATH=${CMAKE_PREFIX_PATH}:/opt/ros/humble /usr/bin/cmake --build /home/sd-robot/hql_test/hit_Qt/build/hit_menu -- -j24 -l24
