[01m[K/home/sd-robot/hql_test/hit_Qt/src/hit_Qt/src/cameraWidget.cpp:[m[K In member function â€˜[01m[Kvoid cameraWidget::initRosPublish()[m[Kâ€™:
[01m[K/home/sd-robot/hql_test/hit_Qt/src/hit_Qt/src/cameraWidget.cpp:113:5:[m[K [01;31m[Kerror: [m[Kâ€˜[01m[Kros_node_[m[Kâ€™ was not declared in this scope; did you mean â€˜[01m[Krmw_node_t[m[Kâ€™?
  113 |     [01;31m[Kros_node_[m[K = rclcpp::Node::make_shared("json_publisher_node");
      |     [01;31m[K^~~~~~~~~[m[K
      |     [32m[Krmw_node_t[m[K
[01m[K/home/sd-robot/hql_test/hit_Qt/src/hit_Qt/src/cameraWidget.cpp:114:72:[m[K [01;31m[Kerror: [m[Kexpected primary-expression before â€˜[01m[K>[m[Kâ€™ token
  114 |     json_publisher_ = ros_node_->create_publisher<std_msgs::msg::String[01;31m[K>[m[K("json_topic", 10);
      |                                                                        [01;31m[K^[m[K
[01m[K/home/sd-robot/hql_test/hit_Qt/src/hit_Qt/src/cameraWidget.cpp:[m[K In lambda function:
[01m[K/home/sd-robot/hql_test/hit_Qt/src/hit_Qt/src/cameraWidget.cpp:118:31:[m[K [01;31m[Kerror: [m[Kâ€˜[01m[Knode[m[Kâ€™ was not declared in this scope
  118 |             rclcpp::spin_some([01;31m[Knode[m[K);
      |                               [01;31m[K^~~~[m[K
gmake[2]: *** [CMakeFiles/hit_menu.dir/build.make:97: CMakeFiles/hit_menu.dir/src/cameraWidget.cpp.o] Error 1
gmake[1]: *** [CMakeFiles/Makefile2:138: CMakeFiles/hit_menu.dir/all] Error 2
gmake: *** [Makefile:146: all] Error 2
