[0.006s] Invoking command in '/home/sd-robot/hql_test/hit_Qt/build/hit_menu': CMAKE_PREFIX_PATH=${CMAKE_PREFIX_PATH}:/opt/ros/humble /usr/bin/cmake --build /home/sd-robot/hql_test/hit_Qt/build/hit_menu -- -j24 -l24
[0.029s] [  7%] [34m[1mAutomatic MOC for target hit_menu[0m
[0.044s] [  7%] Built target hit_menu_autogen
[0.058s] [35m[1mConsolidate compiler generated dependencies of target hit_menu[0m
[0.094s] [ 14%] [32mBuilding CXX object CMakeFiles/hit_menu.dir/src/cameraWidget.cpp.o[0m
[1.674s] [01m[K/home/sd-robot/hql_test/hit_Qt/src/hit_Qt/src/cameraWidget.cpp:[m[K In member function â€˜[01m[Kvoid cameraWidget::initRosPublish()[m[Kâ€™:
[1.674s] [01m[K/home/sd-robot/hql_test/hit_Qt/src/hit_Qt/src/cameraWidget.cpp:113:5:[m[K [01;31m[Kerror: [m[Kâ€˜[01m[Kros_node_[m[Kâ€™ was not declared in this scope; did you mean â€˜[01m[Krmw_node_t[m[Kâ€™?
[1.674s]   113 |     [01;31m[Kros_node_[m[K = rclcpp::Node::make_shared("json_publisher_node");
[1.674s]       |     [01;31m[K^~~~~~~~~[m[K
[1.675s]       |     [32m[Krmw_node_t[m[K
[1.675s] [01m[K/home/sd-robot/hql_test/hit_Qt/src/hit_Qt/src/cameraWidget.cpp:114:72:[m[K [01;31m[Kerror: [m[Kexpected primary-expression before â€˜[01m[K>[m[Kâ€™ token
[1.675s]   114 |     json_publisher_ = ros_node_->create_publisher<std_msgs::msg::String[01;31m[K>[m[K("json_topic", 10);
[1.675s]       |                                                                        [01;31m[K^[m[K
[1.678s] [01m[K/home/sd-robot/hql_test/hit_Qt/src/hit_Qt/src/cameraWidget.cpp:[m[K In lambda function:
[1.678s] [01m[K/home/sd-robot/hql_test/hit_Qt/src/hit_Qt/src/cameraWidget.cpp:118:31:[m[K [01;31m[Kerror: [m[Kâ€˜[01m[Knode[m[Kâ€™ was not declared in this scope
[1.678s]   118 |             rclcpp::spin_some([01;31m[Knode[m[K);
[1.678s]       |                               [01;31m[K^~~~[m[K
[2.026s] gmake[2]: *** [CMakeFiles/hit_menu.dir/build.make:97: CMakeFiles/hit_menu.dir/src/cameraWidget.cpp.o] Error 1
[2.026s] gmake[1]: *** [CMakeFiles/Makefile2:138: CMakeFiles/hit_menu.dir/all] Error 2
[2.026s] gmake: *** [Makefile:146: all] Error 2
[2.028s] Invoked command in '/home/sd-robot/hql_test/hit_Qt/build/hit_menu' returned '2': CMAKE_PREFIX_PATH=${CMAKE_PREFIX_PATH}:/opt/ros/humble /usr/bin/cmake --build /home/sd-robot/hql_test/hit_Qt/build/hit_menu -- -j24 -l24
